<?xml version="1.0" encoding="UTF-8"?>
<testsuites>
  <testsuite name="Apply Method Chaining to Login Page" timestamp="2021-05-04T12:39:58" time="8.517" tests="1" failures="1" errors="1" skipped="0">
    <properties>
      <property name="specId" value="0"/>
      <property name="suiteName" value="Apply Method Chaining to Login Page"/>
      <property name="capabilities" value="chrome.90_0_4430_93.windows"/>
      <property name="file" value=".\src\test-scripts\Login_Method_Chaining.js"/>
    </properties>
    <testcase classname="chrome.90_0_4430_93.windows.Apply Method Chaining to Login Page" name="Login unsuccessfully" time="8.516">
      <failure/>
      <error message="LoginPage.clickDropdown is not a function"/>
      <system-out><![CDATA[
COMMAND: POST /session/9318b6ac697c8c5c361fea4b0f47f383/url - {"url":"https://www.phptravels.net/home"}
RESULT: {"url":"https://www.phptravels.net/home"}
COMMAND: DELETE /session/9318b6ac697c8c5c361fea4b0f47f383 - {}
RESULT: {}
]]></system-out>
      <system-err><![CDATA[
TypeError: LoginPage.clickDropdown is not a function
    at Context.<anonymous> (C:\attest_github\src\test-scripts\Login_Method_Chaining.js:14:19)
    at Context.executeSync (C:\attest_github\node_modules\@wdio\sync\build\index.js:38:22)
    at C:\attest_github\node_modules\@wdio\sync\build\index.js:69:68
]]></system-err>
    </testcase>
  </testsuite>
</testsuites>